Compose Hot Reload: Run at 2025-06-25T10:37:15.010604400
Compose Hot Reload: PID: 2060
Compose Hot Reload: Orchestration port: 54683
HotReloadEnvironment.getPidFile = C:\Users\umesh.kumar\StudioProjects\ToDoCMP\composeApp\build\run\desktopMain\desktopMain.pid
HotReloadEnvironment.getArgFile = C:\Users\umesh.kumar\StudioProjects\ToDoCMP\composeApp\build\run\desktopMain\desktopMain.argfile
HotReloadEnvironment.getOrchestrationPort = null
HotReloadEnvironment.getDirtyResolveDepthLimit = 5
HotReloadEnvironment.getIdeaComposeHotReload = false
HotReloadEnvironment.getGradleBuildProject = :composeApp
HotReloadEnvironment.getDevToolsIsHeadless = false
HotReloadEnvironment.getDevToolsClasspath = [C:\Users\umesh.kumar\.gradle\caches\modules-2\files-2.1\org.jetbrains.compose.hot-reload\hot-reload-devtools\1.0.0-alpha10\ee507b92edfc2f6d141c99fef34f72bbd6edffe6\hot-reload-devtools-1.0.0-alpha10.jar, C:\Users\umesh.kumar\.gradle\caches\modules-2\files-2.1\org.jetbrains.compose.hot-reload\hot-reload-runtime-api-jvm\1.0.0-alpha10\e784fec47791cba1a21f056aed2408a90bb72576\hot-reload-runtime-api-jvm-1.0.0-alpha10.jar, C:\Users\umesh.kumar\.gradle\caches\modules-2\files-2.1\org.jetbrains.compose.hot-reload\hot-reload-runtime-jvm\1.0.0-alpha10\19cd5339659ab9ec29090d0e6df7c3fcf6b88d5d\hot-reload-runtime-jvm-1.0.0-alpha10.jar, C:\Users\umesh.kumar\.gradle\caches\modules-2\files-2.1\org.jetbrains.compose.desktop\desktop-jvm\1.8.0\7a5516c08efe9fef2e6aa38a10e5fc17fb556148\desktop-jvm-1.8.0.jar, C:\Users\umesh.kumar\.gradle\caches\modules-2\files-2.1\org.jetbrains.compose.material3\material3-desktop\1.8.0\127c5b21d15ddb0a91765d59d02c68d69130cdd0\material3-desktop-1.8.0.jar, C:\Users\umesh.kumar\.gradle\caches\modules-2\files-2.1\org.jetbrains.compose.components\components-resources-desktop\1.8.0\10110d785f486bc13235f40e1d0b91a48b5f3ee6\library-desktop-1.8.0.jar, C:\Users\umesh.kumar\.gradle\caches\modules-2\files-2.1\io.sellmair\evas-compose-jvm\1.3.0\1214dcce9040d1b9f856b02b443cf8c2ebe1573a\evas-compose-jvm-1.3.0.jar, C:\Users\umesh.kumar\.gradle\caches\modules-2\files-2.1\org.jetbrains.compose.material\material-desktop\1.8.0\eb68e7add6287443a90854fa65af432823e8271e\material-desktop-1.8.0.jar, C:\Users\umesh.kumar\.gradle\caches\modules-2\files-2.1\org.jetbrains.compose.material\material-ripple-desktop\1.8.0\5364a917218879742c9f08f55791adb3a7c26c8a\material-ripple-desktop-1.8.0.jar, C:\Users\umesh.kumar\.gradle\caches\modules-2\files-2.1\org.jetbrains.compose.foundation\foundation-desktop\1.8.0\95a4ab44a0b846ca6889e76ee974abe09e940fc7\foundation-desktop-1.8.0.jar, C:\Users\umesh.kumar\.gradle\caches\modules-2\files-2.1\org.jetbrains.compose.material\material-icons-core-desktop\1.7.3\414b3096050fe647b0638832eace80f22c06b85c\material-icons-core-desktop-1.7.3.jar, C:\Users\umesh.kumar\.gradle\caches\modules-2\files-2.1\org.jetbrains.compose.animation\animation-desktop\1.8.0\fc991c57d631e9b7cc9df2c01f70fdc02a4129e\animation-desktop-1.8.0.jar, C:\Users\umesh.kumar\.gradle\caches\modules-2\files-2.1\org.jetbrains.compose.animation\animation-core-desktop\1.8.0\ab392687af98ecb368182ac4f61c235f7ebba111\animation-core-desktop-1.8.0.jar, C:\Users\umesh.kumar\.gradle\caches\modules-2\files-2.1\org.jetbrains.compose.foundation\foundation-layout-desktop\1.8.0\493312c9bba0d7ce31f71211f069338edb75674b\foundation-layout-desktop-1.8.0.jar, C:\Users\umesh.kumar\.gradle\caches\modules-2\files-2.1\org.jetbrains.compose.ui\ui-desktop\1.8.0\81c980717ae8c58b158e89b801fe9b164e6f627\ui-desktop-1.8.0.jar, C:\Users\umesh.kumar\.gradle\caches\modules-2\files-2.1\org.jetbrains.compose.ui\ui-tooling-preview-desktop\1.8.0\7e1d509da90394d063aef5b444bf218024b13250\ui-tooling-preview-desktop-1.8.0.jar, C:\Users\umesh.kumar\.gradle\caches\modules-2\files-2.1\org.jetbrains.compose.ui\ui-backhandler-desktop\1.8.0\cc5d993298a1e08c7532c046991aceb0fc2675c3\ui-backhandler-desktop-1.8.0.jar, C:\Users\umesh.kumar\.gradle\caches\modules-2\files-2.1\org.jetbrains.compose.ui\ui-text-desktop\1.8.0\2685be46f1df382dbf175d75a7061640bde8a848\ui-text-desktop-1.8.0.jar, C:\Users\umesh.kumar\.gradle\caches\modules-2\files-2.1\org.jetbrains.compose.ui\ui-graphics-desktop\1.8.0\8970dad2e556a7fac4a454c2158d3c6a94372ef7\ui-graphics-desktop-1.8.0.jar, C:\Users\umesh.kumar\.gradle\caches\modules-2\files-2.1\org.jetbrains.compose.ui\ui-unit-desktop\1.8.0\65eee0086e59109657cc7a7ad7569e1be78f1a93\ui-unit-desktop-1.8.0.jar, C:\Users\umesh.kumar\.gradle\caches\modules-2\files-2.1\org.jetbrains.androidx.lifecycle\lifecycle-runtime-compose-desktop\2.8.4\e950e2a504a045ac652718dc20e736f28c5ff4c2\lifecycle-runtime-compose-desktop-2.8.4.jar, C:\Users\umesh.kumar\.gradle\caches\modules-2\files-2.1\org.jetbrains.compose.runtime\runtime-saveable-desktop\1.8.0\c746b6378de826d1201ee33ef7f48f3537d7e9ad\runtime-saveable-desktop-1.8.0.jar, C:\Users\umesh.kumar\.gradle\caches\modules-2\files-2.1\org.jetbrains.compose.ui\ui-geometry-desktop\1.8.0\6301b97db2ec7ea140bf185f0712891cfa1f480d\ui-geometry-desktop-1.8.0.jar, C:\Users\umesh.kumar\.gradle\caches\modules-2\files-2.1\org.jetbrains.compose.hot-reload\hot-reload-orchestration\1.0.0-alpha10\d2e2fb059c16965c981287377d65b611b18fd384\hot-reload-orchestration-1.0.0-alpha10.jar, C:\Users\umesh.kumar\.gradle\caches\modules-2\files-2.1\org.jetbrains.compose.hot-reload\hot-reload-core\1.0.0-alpha10\4595272e9c8e6f52b59ca141dbe9e40cba6059e4\hot-reload-core-1.0.0-alpha10.jar, C:\Users\umesh.kumar\.gradle\caches\modules-2\files-2.1\org.jetbrains.compose.runtime\runtime-desktop\1.8.0\2a8b68c67f1bd406b211ba465b866c7c1152b439\runtime-desktop-1.8.0.jar, C:\Users\umesh.kumar\.gradle\caches\modules-2\files-2.1\io.sellmair\evas-jvm\1.3.0\74c1f6c46502ffda615a698c02b3166fc7e9b2b2\evas-jvm-1.3.0.jar, C:\Users\umesh.kumar\.gradle\caches\modules-2\files-2.1\org.jetbrains.skiko\skiko-awt-runtime-windows-x64\0.9.4\f85964fd8b9ffa6366504b9735fdf0f99dfa8f8d\skiko-awt-runtime-windows-x64-0.9.4.jar, C:\Users\umesh.kumar\.gradle\caches\modules-2\files-2.1\org.jetbrains.skiko\skiko-awt\0.9.4\604c4559bb488621cbde5a855867a76993030f46\skiko-awt-0.9.4.jar, C:\Users\umesh.kumar\.gradle\caches\modules-2\files-2.1\androidx.lifecycle\lifecycle-viewmodel-desktop\2.8.5\572f6fed6a70c5d87c9a0d17d05828ff1a6f19f8\lifecycle-viewmodel-desktop-2.8.5.jar, C:\Users\umesh.kumar\.gradle\caches\modules-2\files-2.1\androidx.lifecycle\lifecycle-runtime-desktop\2.8.5\fed8b9973735cbe77645edf153d5f7bb412bfd45\lifecycle-runtime-desktop-2.8.5.jar, C:\Users\umesh.kumar\.gradle\caches\modules-2\files-2.1\androidx.lifecycle\lifecycle-common-jvm\2.8.5\7174a594afb73a9ad9ac9074ce78b94af3cc52a7\lifecycle-common-jvm-2.8.5.jar, C:\Users\umesh.kumar\.gradle\caches\modules-2\files-2.1\org.jetbrains.kotlinx\kotlinx-coroutines-core-jvm\1.10.2\4a9f78ef49483748e2c129f3d124b8fa249dafbf\kotlinx-coroutines-core-jvm-1.10.2.jar, C:\Users\umesh.kumar\.gradle\caches\modules-2\files-2.1\org.jetbrains.kotlinx\kotlinx-coroutines-swing\1.10.2\ccb5a2e7c83fa76da0ba4677f05678d3bd3eed57\kotlinx-coroutines-swing-1.10.2.jar, C:\Users\umesh.kumar\.gradle\caches\modules-2\files-2.1\ch.qos.logback\logback-classic\1.5.18\fc371f3fc97a639de2d67947cffb7518ec5e3d40\logback-classic-1.5.18.jar, C:\Users\umesh.kumar\.gradle\caches\modules-2\files-2.1\org.jetbrains.kotlinx\kotlinx-datetime-jvm\0.6.2\f177b43ce53f69151797206ce762b36199692474\kotlinx-datetime-jvm-0.6.2.jar, C:\Users\umesh.kumar\.gradle\caches\modules-2\files-2.1\org.jetbrains.compose.ui\ui-util-desktop\1.8.0\2a882d6cfc3d1228c1284ca34a2ebfc2b5ca3815\ui-util-desktop-1.8.0.jar, C:\Users\umesh.kumar\.gradle\caches\modules-2\files-2.1\org.jetbrains.kotlin\kotlin-stdlib-jdk8\2.1.10\3009fa6a21ebb400fe38c70eaf218a0c669ddbe2\kotlin-stdlib-jdk8-2.1.10.jar, C:\Users\umesh.kumar\.gradle\caches\modules-2\files-2.1\org.jetbrains.kotlinx\atomicfu-jvm\0.23.2\a4601dc42dceb031a586058e8356ff778a57dea0\atomicfu-jvm-0.23.2.jar, C:\Users\umesh.kumar\.gradle\caches\modules-2\files-2.1\org.jetbrains.kotlin\kotlin-stdlib-jdk7\2.1.10\c9d8cb43c1d65c500ffbbb6eb591b9c8928caf6d\kotlin-stdlib-jdk7-2.1.10.jar, C:\Users\umesh.kumar\.gradle\caches\modules-2\files-2.1\androidx.collection\collection-jvm\1.5.0\7ba2c69414d46ebc2dd76598bdd0a75c54281a57\collection-jvm-1.5.0.jar, C:\Users\umesh.kumar\.gradle\caches\modules-2\files-2.1\androidx.arch.core\core-common\2.2.0\5e1b8b81dfd5f52c56a8d53b18ca759c19a301f3\core-common-2.2.0.jar, C:\Users\umesh.kumar\.gradle\caches\modules-2\files-2.1\androidx.annotation\annotation-jvm\1.9.1\b17951747e38bf3986a24431b9ba0d039958aa5f\annotation-jvm-1.9.1.jar, C:\Users\umesh.kumar\.gradle\caches\modules-2\files-2.1\org.jetbrains.kotlin\kotlin-stdlib\2.1.20\aa8ca79cd50578314f6d1180c47cbe14c0fee567\kotlin-stdlib-2.1.20.jar, C:\Users\umesh.kumar\.gradle\caches\modules-2\files-2.1\org.slf4j\slf4j-api\2.0.17\d9e58ac9c7779ba3bf8142aff6c830617a7fe60f\slf4j-api-2.0.17.jar, C:\Users\umesh.kumar\.gradle\caches\modules-2\files-2.1\ch.qos.logback\logback-core\1.5.18\6c0375624f6f36b4e089e2488ba21334a11ef13f\logback-core-1.5.18.jar, C:\Users\umesh.kumar\.gradle\caches\modules-2\files-2.1\org.jetbrains\annotations\23.0.0\8cc20c07506ec18e0834947b84a864bfc094484e\annotations-23.0.0.jar]
HotReloadEnvironment.getGradleBuildContinuous = true
HotReloadEnvironment.getStderrFile = null
HotReloadEnvironment.getBuildSystem = Gradle
HotReloadEnvironment.getDevToolsEnabled = true
HotReloadEnvironment.getHotClasspath = null
HotReloadEnvironment.getStdoutFile = null
HotReloadEnvironment.getAmperBuildRoot = null
HotReloadEnvironment.getMainClass = com.umesh.todocmp.MainKt
HotReloadEnvironment.getParentPid = null
HotReloadEnvironment.getGradleJavaHome = C:\Program Files\Android\Android Studio1\jbr
HotReloadEnvironment.getLaunchMode = GradleBlocking
HotReloadEnvironment.getStdinFile = null
HotReloadEnvironment.getGradleBuildRoot = C:\Users\umesh.kumar\StudioProjects\ToDoCMP
HotReloadEnvironment.getGradleBuildTask = hotReloadDesktopMain
HotReloadEnvironment.getAmperBuildTask = null
HotReloadEnvironment.getIdeaComposeHotReloadSupportVersion = null
HotReloadEnvironment.getIntelliJDebuggerDispatchPort = null
HotReloadEnvironment.getVirtualMethodResolveEnabled = true
HotReloadEnvironment.getDevToolsTransparencyEnabled = true
[DevTools]: 10:37:15.976 [Orchestration Client Reader] DEBUG OrchestrationClient(54684) -- connected
[DevTools]: 10:37:16.003 [main] DEBUG org.jetbrains.compose.devtools.RecompilerKt -- 'Recompiler': Using orchestration at '54683'
[DevTools]: 10:37:16.033 [Recompiler] DEBUG org.jetbrains.compose.devtools.RecompilerKt -- 'Recompiler': Requests: [f3793240-22ae-485c-8268-59948d20dd83]
[DevTools]: 10:37:16.077 [Recompiler] DEBUG org.jetbrains.compose.devtools.RecompilerKt -- 'Recompiler': Started (11432)
[Compiler]:  
[Compiler]: ERROR: JAVA_HOME is set to an invalid directory: C:\Program Files\Java\jdk-11.0.15.1\bin 
[Compiler]:  
[Compiler]: Please set the JAVA_HOME variable in your environment to match the 
[Compiler]: location of your Java installation. 
[DevTools]: 10:37:16.227 [Recompiler] DEBUG org.jetbrains.compose.devtools.RecompilerKt -- 'Recompiler': finished '1'
[DevTools]: 10:37:16.227 [Recompiler] DEBUG org.jetbrains.compose.devtools.RecompilerKt -- 'Recompiler': Requests: [f3793240-22ae-485c-8268-59948d20dd83]: Exit code: 1
[DevTools]: 10:37:16.272 [AWT-EventQueue-0] INFO org.jetbrains.compose.devtools.Main -- Composing '0' windows
[Runtime]: Composing UI: { iteration=0, key=0,  }
[DevTools]: 10:37:18.112 [AWT-EventQueue-0] INFO org.jetbrains.compose.devtools.Main -- Composing '1' windows
[DevTools]: 10:37:44.204 [AWT-EventQueue-0] DEBUG org.jetbrains.compose.devtools.sidecar.DtSidecarWindowKt -- WindowId(value='0a52214f-d8c1-4901-8c40-94f4d9edf436'): Sidecar window 'toFront()'
[DevTools]: 10:37:52.420 [AWT-EventQueue-0] DEBUG org.jetbrains.compose.devtools.sidecar.DtSidecarWindowKt -- WindowId(value='0a52214f-d8c1-4901-8c40-94f4d9edf436'): Sidecar window 'toFront()'
[DevTools]: 10:38:02.533 [AWT-EventQueue-0] DEBUG org.jetbrains.compose.devtools.sidecar.DtSidecarWindowKt -- WindowId(value='0a52214f-d8c1-4901-8c40-94f4d9edf436'): Sidecar window 'toFront()'
[DevTools]: 10:38:19.617 [AWT-EventQueue-0] DEBUG org.jetbrains.compose.devtools.sidecar.DtSidecarWindowKt -- WindowId(value='0a52214f-d8c1-4901-8c40-94f4d9edf436'): Sidecar window 'toFront()'
[DevTools]: 10:38:51.454 [AWT-EventQueue-0] DEBUG org.jetbrains.compose.devtools.sidecar.DtSidecarWindowKt -- WindowId(value='0a52214f-d8c1-4901-8c40-94f4d9edf436'): Sidecar window 'toFront()'
[DevTools]: 10:44:39.831 [AWT-EventQueue-0] DEBUG org.jetbrains.compose.devtools.sidecar.DtSidecarWindowKt -- WindowId(value='0a52214f-d8c1-4901-8c40-94f4d9edf436'): Sidecar window 'toFront()'
[Agent]: Hot Reload Agent is shutting down
[DevTools]: 10:44:41.284 [Orchestration Client Reader] DEBUG OrchestrationClient(54684) -- reader: closing client (EOFException)
[DevTools]: 10:44:41.286 [Orchestration Main] DEBUG OrchestrationClient(54684) -- Closing write
[DevTools]: 10:44:41.287 [AWT-EventQueue-0] INFO org.jetbrains.compose.devtools.Main -- Composing '0' windows
[DevTools]: 10:44:41.289 [Orchestration Main] DEBUG OrchestrationClient(54684) -- Closing socket: '54683' ('54684')
